STEPHANIE MITCHELL: 1
CAROLYN PEREZ: 1
CHRISTINE ROBERTS: 1
MARIE TURNER: 1
JANET PHILLIPS: 1
CATHERINE CAMPBELL: 1
FRANCES PARKER: 1
ANN EVANS: 1
JOYCE EDWARDS: 1
DIANE COLLINS: 1
ALICE STEWART: 1
JULIE SANCHEZ: 1
HEATHER MORRIS: 1
TERESA ROGERS: 1
DORIS REED: 1
GLORIA COOK: 1
EVELYN MORGAN: 1
JEAN BELL: 1
CHERYL MURPHY: 1
MILDRED BAILEY: 1
KATHERINE RIVERA: 1
JOAN COOPER: 1
ASHLEY RICHARDSON: 1
JUDITH COX: 1
ROSE HOWARD: 1
JANICE WARD: 1
KELLY TORRES: 1
NICOLE PETERSON: 1
JUDY GRAY: 1
CHRISTINA RAMIREZ: 1
KATHY JAMES: 1
THERESA WATSON: 1
BEVERLY BROOKS: 1
DENISE KELLY: 1
TAMMY SANDERS: 1
IRENE PRICE: 1
JANE BENNETT: 1
LORI WOOD: 1
RACHEL BARNES: 1
MARILYN ROSS: 1
ANDREA HENDERSON: 1
KATHRYN COLEMAN: 1
LOUISE B JENKINS: 1
SARA A PERRY: 1
