John Smith: 1
Emily Davis: 1
Michael Johnson: 1
Sophia Lee: 1
Daniel Rodriguez: 1
Mia Hernandez: 1
David Kim: 1
Olivia Brown: 1
Anthony Martinez: 1
Evelyn Jackson: 1
Christopher Gonzalez: 1
Avery Taylor: 2
Andrew Lee: 2
Aria Perez: 1
Matthew Davis: 1
Victoria Wilson: 1
William Anderson: 1
Madison Green: 1
Joshua Wright: 1
Isabella Clark: 1
Nathan Davis: 2
Natalie Adams: 1
Ethan Martin: 1
Chloe Baker: 1
Ryan Lee: 1
Samantha Perez: 1
Benjamin Wright: 1
Aaliyah Garcia: 1
Jacob Cooper: 1
Elizabeth Martinez: 1
Tyler Thompson: 1
Hannah Scott: 1
Alexander Rodriguez: 1
Makayla Turner: 1
Nicholas Nguyen: 1
Sofia Hernandez: 1
Brandon Smith: 1
Grace Lee: 1
Christian Martinez: 1
Ava Jones: 1
William Turner: 1
Ella Wilson: 1
Jonathan Lee: 2
Lily Johnson: 1
Samuel Davis: 1
Avery Adams: 2
Gabriella Clark: 1
Dylan Anderson: 1
Lauren Kim: 1
James Lewis: 1
Makenna Wright: 1
Luke Davis: 1
Aaliyah Brown: 1
Christopher Anderson: 1
Abigail Perez: 1
Daniel Lee: 1
Jayden Robinson: 1
Leah Lee: 1
Nicholas Jackson: 1
Avery Lee: 1
Emma Hernandez: 1
Ethan Brown: 1
Madison Martinez: 1
Lucas Davis: 1
Aria Wright: 1
Ryan Rodriguez: 1
Sophia Turner: 1
Benjamin Davis: 1
Ella Garcia: 1
Chloe Kim: 1
William Scott: 1
Ava Smith: 1
David Wright: 1
Natalie Martin: 1
Isabella Adams: 1
Brandon Davis: 1
Makayla Hernandez: 1
Alexander Clark: 1
Emily Rodriguez: 1
Christopher Lee: 1
Olivia Lee: 1
Samantha Martinez: 1
Daniel Anderson: 1
Mia Lee: 1
Jacob Wright: 1
Elizabeth Adams: 1
Tyler Martinez: 1
Hannah Garcia: 1
Nicholas Davis: 1
Sofia Thompson: 1
Brandon Brown: 1
