MARY SMITH: 1
PATRICIA JOHNSON: 1
LINDA WILLIAMS: 1
BARBARA JONES: 1
ELIZABETH BROWN: 1
JENNIFER DAVIS: 1
MARIA MILLER: 1
SUSAN WILSON: 1
MARGARET MOORE: 1
DOROTHY TAYLOR: 1
LISA ANDERSON: 1
NANCY THOMAS: 1
KAREN JACKSON: 1
BETTY WHITE: 1
HELEN HARRIS: 1
SANDRA MARTIN: 1
DONNA THOMPSON: 1
CAROL GARCIA: 1
RUTH MARTINEZ: 1
SHARON ROBINSON: 1
MICHELLE CLARK: 1
LAURA RODRIGUEZ: 1
SARAH LEWIS: 1
KIMBERLY LEE: 1
DEBORAH WALKER: 1
JESSICA HALL: 1
SHIRLEY ALLEN: 1
CYNTHIA YOUNG: 1
ANGELA HERNANDEZ: 1
MELISSA KING: 1
BRENDA WRIGHT: 1
AMY LOPEZ: 1
ANNA HILL: 1
REBECCA SCOTT: 1
VIRGINIA GREEN: 1
KATHLEEN ADAMS: 1
PAMELA BAKER: 1
MARTHA GONZALEZ: 1
DEBRA NELSON: 1
AMANDA CARTER: 1
