ANNE J POWELL: 1
JACQUELINE K LONG: 1
WANDA M PATTERSON: 1
BONNIE HUGHES: 1
JULIA FLORES: 1
RUBY WASHINGTON: 1
LOIS BUTLER: 1
TINA SIMMONS: 1
PHYLLIS FOSTER: 1
NORMA GONZALES: 1
PAULA BRYANT: 1
DIANA ALEXANDER: 1
ANNIE RUSSELL: 1
LILLIAN GRIFFIN: 1
EMILY DIAZ: 1
ROBIN HAYES: 1
MARY SMITH: 2
PATRICIA JOHNSON: 2
LINDA WILLIAMS: 2
BARBARA JONES: 2
ELIZABETH BROWN: 2
JENNIFER DAVIS: 1
MARIA MILLER: 1
SUSAN WILSON: 1
MARGARET MOORE: 1
DOROTHY TAYLOR: 1
LISA ANDERSON: 1
NANCY THOMAS: 1
KAREN JACKSON: 1
BETTY WHITE: 1
HELEN HARRIS: 1
SANDRA MARTIN: 1
DONNA THOMPSON: 1
CAROL GARCIA: 1
RUTH MARTINEZ: 1
SHARON ROBINSON: 1
MICHELLE CLARK: 1
LAURA RODRIGUEZ: 1
SARAH LEWIS: 1
KIMBERLY LEE: 1
DEBORAH WALKER: 1
